<?xml version="1.0" encoding="UTF-8"?>
<!-- Generated by org.testng.reporters.JUnitReportReporter -->
<testsuite hostname="PRIYANKA" failures="0" tests="3" name="mypackage.crossbrowsertestng" time="41.906" errors="0" timestamp="2025-08-26T13:10:41 IST" skipped="0">
  <testcase classname="mypackage.crossbrowsertestng" name="openSite" time="22.775"/>
  <testcase classname="mypackage.crossbrowsertestng" name="openSite" time="7.637"/>
  <testcase classname="mypackage.crossbrowsertestng" name="openSite" time="11.494"/>
</testsuite> <!-- mypackage.crossbrowsertestng -->
