<?xml version="1.0" encoding="UTF-8"?>
<!-- Generated by org.testng.reporters.JUnitReportReporter -->
<testsuite hostname="PRIYANKA" failures="0" tests="1" name="mypackage.lab8_testNG1" time="3.472" errors="0" timestamp="2025-08-26T12:41:39 IST" skipped="0">
  <testcase classname="mypackage.lab8_testNG1" name="testLab3Flow" time="3.472">
    <system-out>
      <![CDATA[Starting Lab 3 Flow
Navigated to Desktops > Mac
Sorted products by Name (A-Z)
Clicked Add to Cart
Verified product added to cart]]>
    </system-out>
  </testcase> <!-- testLab3Flow -->
  <system-out>
    <![CDATA[Opened TutorialNinja Demo site
Starting Lab 3 Flow
Navigated to Desktops > Mac
Sorted products by Name (A-Z)
Clicked Add to Cart
Verified product added to cart
Closed the browser
Opened TutorialNinja Demo site
Starting Lab 4 Flow
Verified title: Your Store
Navigated to Desktops > Mac
Sorted products by Name (A-Z)
Clicked Add to Cart
Verified product added to cart
Searched for Mobile
Searched for Monitors
Checked description box and searched again
Verified search results are displayed
Closed the browser]]>
  </system-out>
</testsuite> <!-- mypackage.lab8_testNG1 -->
