<?xml version="1.0" encoding="UTF-8"?>
<!-- Generated by org.testng.reporters.JUnitReportReporter -->
<testsuite hostname="PRIYANKA" failures="0" tests="2" name="mypackage.tc008_testNG" time="13.513" errors="0" timestamp="2025-08-26T11:15:30 IST" skipped="0">
  <testcase classname="mypackage.tc008_testNG" name="f" time="7.006"/>
  <testcase classname="mypackage.tc008_testNG" name="f" time="6.507"/>
</testsuite> <!-- mypackage.tc008_testNG -->
